Using pre-set license
Built from '2020.2/release' branch; Version is '2020.2.1f1 (270dd8c3da1c) revision 2559448'; Using compiler version '192528614'; Build Type 'Release'
OS: 'Windows 10  (10.0.0) 64bit' Language: 'en' Physical Memory: 24475 MB
BatchMode: 1, IsHumanControllingUs: 0, StartBugReporterOnCrash: 0, Is64bit: 1, IsPro: 0

 COMMAND LINE ARGUMENTS:
C:\Program Files\2020.2.1f1\Editor\Unity.exe
-adb2
-batchMode
-noUpm
-name
AssetImportWorker3
-projectPath
C:/Repos/official github/Cyclops-VR/CyclopsVR
-logFile
Logs/AssetImportWorker3.log
-srvPort
54721
Successfully changed project path to: C:/Repos/official github/Cyclops-VR/CyclopsVR
C:/Repos/official github/Cyclops-VR/CyclopsVR
Using Asset Import Pipeline V2.
Refreshing native plugins compatible for Editor in 2424.19 ms, found 5 plugins.
Preloading 0 native plugins for Editor in 0.00 ms.
Initialize engine version: 2020.2.1f1 (270dd8c3da1c)
[Subsystems] Discovering subsystems at path C:/Program Files/2020.2.1f1/Editor/Data/Resources/UnitySubsystems
[Subsystems] Discovering subsystems at path C:/Repos/official github/Cyclops-VR/CyclopsVR/Assets
GfxDevice: creating device client; threaded=0
Direct3D:
    Version:  Direct3D 11.0 [level 11.1]
    Renderer: NVIDIA GeForce RTX 2060 (ID=0x1f08)
    Vendor:   
    VRAM:     5980 MB
    Driver:   27.21.14.5671
Shader 'Universal Render Pipeline/Particles/Lit': fallback shader 'Universal Render Pipeline/Particles/SimpleLit' not found
Initialize mono
Mono path[0] = 'C:/Program Files/2020.2.1f1/Editor/Data/Managed'
Mono path[1] = 'C:/Program Files/2020.2.1f1/Editor/Data/MonoBleedingEdge/lib/mono/unityjit'
Mono config path = 'C:/Program Files/2020.2.1f1/Editor/Data/MonoBleedingEdge/etc'
Using monoOptions --debugger-agent=transport=dt_socket,embedding=1,server=y,suspend=n,address=127.0.0.1:56896
Begin MonoManager ReloadAssembly
Registering precompiled unity dll's ...
Register platform support module: C:/Program Files/2020.2.1f1/Editor/Data/PlaybackEngines/WebGLSupport/UnityEditor.WebGL.Extensions.dll
Register platform support module: C:/Program Files/2020.2.1f1/Editor/Data/PlaybackEngines/WindowsStandaloneSupport/UnityEditor.WindowsStandalone.Extensions.dll
Registered in 0.005058 seconds.
Native extension for WindowsStandalone target not found
Native extension for WebGL target not found
Refreshing native plugins compatible for Editor in 117.70 ms, found 5 plugins.
Preloading 0 native plugins for Editor in 0.00 ms.
Invoked RoslynAnalysisRunner static constructor.
RoslynAnalysisRunner will not be running.
RoslynAnalysisRunner has terminated.
Mono: successfully reloaded assembly
- Completed reload, in  2.692 seconds
Platform modules already initialized, skipping
Registering precompiled user dll's ...
Registered in 0.005930 seconds.
Begin MonoManager ReloadAssembly
Native extension for WindowsStandalone target not found
Native extension for WebGL target not found
Refreshing native plugins compatible for Editor in 206.95 ms, found 5 plugins.
Preloading 0 native plugins for Editor in 0.00 ms.
Invoked RoslynAnalysisRunner static constructor.
RoslynAnalysisRunner will not be running.
RoslynAnalysisRunner has terminated.
Mono: successfully reloaded assembly
- Completed reload, in  2.803 seconds
Platform modules already initialized, skipping
========================================================================
Worker process is ready to serve import requests
Shader 'Universal Render Pipeline/Particles/Lit': fallback shader 'Universal Render Pipeline/Particles/SimpleLit' not found
Launched and connected shader compiler UnityShaderCompiler.exe after 0.09 seconds
Refreshing native plugins compatible for Editor in 1.27 ms, found 5 plugins.
Preloading 0 native plugins for Editor in 0.00 ms.
Unloading 3563 Unused Serialized files (Serialized files now loaded: 0)
System memory in use before: 156.2 MB.
System memory in use after: 156.1 MB.

Unloading 133 unused Assets to reduce memory usage. Loaded Objects now: 3992.
Total: 6.612900 ms (FindLiveObjects: 1.030600 ms CreateObjectMapping: 0.384700 ms MarkObjects: 4.361200 ms  DeleteObjects: 0.834300 ms)

========================================================================
Received Import Request.
  path: Assets/Models/Lamp.fbx
  artifactKey: Guid(e0d39c2630124514daba98ecdbc53e7e) Importer(815301076,1909f56bfc062723c751e8b465ee728b)
Start importing Assets/Models/Lamp.fbx using Guid(e0d39c2630124514daba98ecdbc53e7e) Importer(815301076,1909f56bfc062723c751e8b465ee728b)  -> (artifact id: '1af9df841b78c16f5e19783d55e9cb21') in 1.013604 seconds
  Import took 1.154030 seconds .

========================================================================
Received Import Request.
  Time since last request: 22.429386 seconds.
  path: Assets/Models/Lamp.fbx
  artifactKey: Guid(e0d39c2630124514daba98ecdbc53e7e) Importer(815301076,1909f56bfc062723c751e8b465ee728b)
Start importing Assets/Models/Lamp.fbx using Guid(e0d39c2630124514daba98ecdbc53e7e) Importer(815301076,1909f56bfc062723c751e8b465ee728b)  -> (artifact id: '5d910a2b20a19e268658e201ea743e66') in 0.043626 seconds
  Import took 0.054964 seconds .

========================================================================
Received Import Request.
  Time since last request: 351.828788 seconds.
  path: Assets/Models/Lamp2.fbx
  artifactKey: Guid(16ea76ddc90d8a04fb90af96e37609aa) Importer(815301076,1909f56bfc062723c751e8b465ee728b)
Start importing Assets/Models/Lamp2.fbx using Guid(16ea76ddc90d8a04fb90af96e37609aa) Importer(815301076,1909f56bfc062723c751e8b465ee728b)  -> (artifact id: 'f34c4c7667afa41b998f4e20c9916d1b') in 0.066363 seconds
  Import took 0.077039 seconds .

========================================================================
Received Import Request.
  Time since last request: 3222.187821 seconds.
  path: Assets/Models/Lamp.fbx
  artifactKey: Guid(e0d39c2630124514daba98ecdbc53e7e) Importer(815301076,1909f56bfc062723c751e8b465ee728b)
Start importing Assets/Models/Lamp.fbx using Guid(e0d39c2630124514daba98ecdbc53e7e) Importer(815301076,1909f56bfc062723c751e8b465ee728b)  -> (artifact id: '6a815a95011869e276cafb51a8726d8e') in 0.087915 seconds
  Import took 0.112444 seconds .

========================================================================
Received Import Request.
  Time since last request: 6.286850 seconds.
  path: Assets/Models/LampCorner.fbx
  artifactKey: Guid(7438b1996a4bd1e44a319ae1fee483f0) Importer(815301076,1909f56bfc062723c751e8b465ee728b)
Start importing Assets/Models/LampCorner.fbx using Guid(7438b1996a4bd1e44a319ae1fee483f0) Importer(815301076,1909f56bfc062723c751e8b465ee728b)  -> (artifact id: '63d97abee3040e8d7655c62ac478f8c7') in 0.097456 seconds
  Import took 0.107129 seconds .

========================================================================
Received Import Request.
  Time since last request: 152.741328 seconds.
  path: Assets/Models/Lamp.fbx
  artifactKey: Guid(e0d39c2630124514daba98ecdbc53e7e) Importer(815301076,1909f56bfc062723c751e8b465ee728b)
Start importing Assets/Models/Lamp.fbx using Guid(e0d39c2630124514daba98ecdbc53e7e) Importer(815301076,1909f56bfc062723c751e8b465ee728b)  -> (artifact id: '75a9a8faac9674ab71400d90b56e4a0c') in 0.065357 seconds
  Import took 0.073478 seconds .

========================================================================
Received Import Request.
  Time since last request: 7.896769 seconds.
  path: Assets/Models/LampCorner.fbx
  artifactKey: Guid(7438b1996a4bd1e44a319ae1fee483f0) Importer(815301076,1909f56bfc062723c751e8b465ee728b)
Start importing Assets/Models/LampCorner.fbx using Guid(7438b1996a4bd1e44a319ae1fee483f0) Importer(815301076,1909f56bfc062723c751e8b465ee728b)  -> (artifact id: '67cb942433f28e4520ae63892408934e') in 0.043626 seconds
  Import took 0.054493 seconds .

========================================================================
Received Import Request.
  Time since last request: 67.105967 seconds.
  path: Assets/Models/Lamp.fbx
  artifactKey: Guid(e0d39c2630124514daba98ecdbc53e7e) Importer(815301076,1909f56bfc062723c751e8b465ee728b)
Start importing Assets/Models/Lamp.fbx using Guid(e0d39c2630124514daba98ecdbc53e7e) Importer(815301076,1909f56bfc062723c751e8b465ee728b)  -> (artifact id: 'e65003339296b1bed69390e78da83496') in 0.043202 seconds
  Import took 0.052156 seconds .

========================================================================
Received Import Request.
  Time since last request: 3338.624201 seconds.
  path: Assets/Models/Lamp.fbx
  artifactKey: Guid(e0d39c2630124514daba98ecdbc53e7e) Importer(815301076,1909f56bfc062723c751e8b465ee728b)
Start importing Assets/Models/Lamp.fbx using Guid(e0d39c2630124514daba98ecdbc53e7e) Importer(815301076,1909f56bfc062723c751e8b465ee728b)  -> (artifact id: '384cc7043642d31808323cd513e16e21') in 0.122153 seconds
  Import took 0.230130 seconds .

