Using pre-set license
Built from '2020.2/release' branch; Version is '2020.2.1f1 (270dd8c3da1c) revision 2559448'; Using compiler version '192528614'; Build Type 'Release'
OS: 'Windows 10  (10.0.0) 64bit' Language: 'en' Physical Memory: 24475 MB
BatchMode: 1, IsHumanControllingUs: 0, StartBugReporterOnCrash: 0, Is64bit: 1, IsPro: 0

 COMMAND LINE ARGUMENTS:
C:\Program Files\2020.2.1f1\Editor\Unity.exe
-adb2
-batchMode
-noUpm
-name
AssetImportWorker0
-projectPath
C:/Repos/official github/Cyclops-VR/CyclopsVR
-logFile
Logs/AssetImportWorker0.log
-srvPort
50259
Successfully changed project path to: C:/Repos/official github/Cyclops-VR/CyclopsVR
C:/Repos/official github/Cyclops-VR/CyclopsVR
Using Asset Import Pipeline V2.
Refreshing native plugins compatible for Editor in 50.88 ms, found 2 plugins.
Preloading 0 native plugins for Editor in 0.00 ms.
Initialize engine version: 2020.2.1f1 (270dd8c3da1c)
[Subsystems] Discovering subsystems at path C:/Program Files/2020.2.1f1/Editor/Data/Resources/UnitySubsystems
[Subsystems] Discovering subsystems at path C:/Repos/official github/Cyclops-VR/CyclopsVR/Assets
GfxDevice: creating device client; threaded=0
Direct3D:
    Version:  Direct3D 11.0 [level 11.1]
    Renderer: NVIDIA GeForce RTX 2060 (ID=0x1f08)
    Vendor:   
    VRAM:     5980 MB
    Driver:   27.21.14.5671
Initialize mono
Mono path[0] = 'C:/Program Files/2020.2.1f1/Editor/Data/Managed'
Mono path[1] = 'C:/Program Files/2020.2.1f1/Editor/Data/MonoBleedingEdge/lib/mono/unityjit'
Mono config path = 'C:/Program Files/2020.2.1f1/Editor/Data/MonoBleedingEdge/etc'
Using monoOptions --debugger-agent=transport=dt_socket,embedding=1,server=y,suspend=n,address=127.0.0.1:56792
Begin MonoManager ReloadAssembly
Registering precompiled unity dll's ...
Register platform support module: C:/Program Files/2020.2.1f1/Editor/Data/PlaybackEngines/WebGLSupport/UnityEditor.WebGL.Extensions.dll
Register platform support module: C:/Program Files/2020.2.1f1/Editor/Data/PlaybackEngines/WindowsStandaloneSupport/UnityEditor.WindowsStandalone.Extensions.dll
Registered in 0.004231 seconds.
Native extension for WindowsStandalone target not found
Native extension for WebGL target not found
Refreshing native plugins compatible for Editor in 45.55 ms, found 2 plugins.
Preloading 0 native plugins for Editor in 0.00 ms.
Invoked RoslynAnalysisRunner static constructor.
RoslynAnalysisRunner will not be running.
RoslynAnalysisRunner has terminated.
Mono: successfully reloaded assembly
- Completed reload, in  1.977 seconds
Platform modules already initialized, skipping
Registering precompiled user dll's ...
Registered in 0.003323 seconds.
Begin MonoManager ReloadAssembly
Native extension for WindowsStandalone target not found
Native extension for WebGL target not found
Refreshing native plugins compatible for Editor in 0.45 ms, found 2 plugins.
Preloading 0 native plugins for Editor in 0.00 ms.
Invoked RoslynAnalysisRunner static constructor.
RoslynAnalysisRunner will not be running.
RoslynAnalysisRunner has terminated.
Mono: successfully reloaded assembly
- Completed reload, in  1.459 seconds
Platform modules already initialized, skipping
========================================================================
Worker process is ready to serve import requests
Launched and connected shader compiler UnityShaderCompiler.exe after 0.05 seconds
Refreshing native plugins compatible for Editor in 0.44 ms, found 2 plugins.
Preloading 0 native plugins for Editor in 0.00 ms.
Unloading 1391 Unused Serialized files (Serialized files now loaded: 0)
System memory in use before: 65.5 MB.
System memory in use after: 65.4 MB.

Unloading 19 unused Assets to reduce memory usage. Loaded Objects now: 1824.
Total: 2.580900 ms (FindLiveObjects: 0.303500 ms CreateObjectMapping: 0.075300 ms MarkObjects: 1.815300 ms  DeleteObjects: 0.385500 ms)

========================================================================
Received Import Request.
  path: Assets/Packages/Pimax/PVRUnity/Prefabs
  artifactKey: Guid(e39951a78c469494896c8d63ba3085f7) Importer(815301076,1909f56bfc062723c751e8b465ee728b)
Start importing Assets/Packages/Pimax/PVRUnity/Prefabs using Guid(e39951a78c469494896c8d63ba3085f7) Importer(815301076,1909f56bfc062723c751e8b465ee728b)  -> (artifact id: 'a2aad2661e616b40f92ad3c764a576bd') in 0.013675 seconds
  Import took 0.016776 seconds .

========================================================================
Received Prepare
Registering precompiled user dll's ...
Registered in 0.003648 seconds.
Begin MonoManager ReloadAssembly
Native extension for WindowsStandalone target not found
Native extension for WebGL target not found
Refreshing native plugins compatible for Editor in 0.53 ms, found 2 plugins.
Preloading 0 native plugins for Editor in 0.00 ms.
Invoked RoslynAnalysisRunner static constructor.
RoslynAnalysisRunner will not be running.
RoslynAnalysisRunner has terminated.
Mono: successfully reloaded assembly
- Completed reload, in  1.468 seconds
Platform modules already initialized, skipping
Refreshing native plugins compatible for Editor in 0.56 ms, found 2 plugins.
Preloading 0 native plugins for Editor in 0.00 ms.
Unloading 1389 Unused Serialized files (Serialized files now loaded: 0)
System memory in use before: 65.5 MB.
System memory in use after: 65.4 MB.

Unloading 14 unused Assets to reduce memory usage. Loaded Objects now: 1832.
Total: 2.925600 ms (FindLiveObjects: 0.321200 ms CreateObjectMapping: 0.081400 ms MarkObjects: 1.997900 ms  DeleteObjects: 0.523500 ms)

========================================================================
Received Prepare
Registering precompiled user dll's ...
Registered in 0.003630 seconds.
Begin MonoManager ReloadAssembly
Native extension for WindowsStandalone target not found
Native extension for WebGL target not found
Refreshing native plugins compatible for Editor in 0.49 ms, found 2 plugins.
Preloading 0 native plugins for Editor in 0.00 ms.
Invoked RoslynAnalysisRunner static constructor.
RoslynAnalysisRunner will not be running.
RoslynAnalysisRunner has terminated.
Mono: successfully reloaded assembly
- Completed reload, in  1.564 seconds
Platform modules already initialized, skipping
Refreshing native plugins compatible for Editor in 1.04 ms, found 2 plugins.
Preloading 0 native plugins for Editor in 0.00 ms.
Unloading 1389 Unused Serialized files (Serialized files now loaded: 0)
System memory in use before: 65.6 MB.
System memory in use after: 65.5 MB.

Unloading 14 unused Assets to reduce memory usage. Loaded Objects now: 1834.
Total: 3.144700 ms (FindLiveObjects: 0.405000 ms CreateObjectMapping: 0.087400 ms MarkObjects: 2.202600 ms  DeleteObjects: 0.446800 ms)

========================================================================
Received Prepare
Registering precompiled user dll's ...
Registered in 0.005413 seconds.
Begin MonoManager ReloadAssembly
Native extension for WindowsStandalone target not found
Native extension for WebGL target not found
Refreshing native plugins compatible for Editor in 0.48 ms, found 2 plugins.
Preloading 0 native plugins for Editor in 0.00 ms.
Invoked RoslynAnalysisRunner static constructor.
RoslynAnalysisRunner will not be running.
RoslynAnalysisRunner has terminated.
Mono: successfully reloaded assembly
- Completed reload, in  1.498 seconds
Platform modules already initialized, skipping
Refreshing native plugins compatible for Editor in 0.51 ms, found 2 plugins.
Preloading 0 native plugins for Editor in 0.00 ms.
Unloading 1389 Unused Serialized files (Serialized files now loaded: 0)
System memory in use before: 65.7 MB.
System memory in use after: 65.6 MB.

Unloading 14 unused Assets to reduce memory usage. Loaded Objects now: 1836.
Total: 3.156000 ms (FindLiveObjects: 0.356800 ms CreateObjectMapping: 0.082500 ms MarkObjects: 2.327100 ms  DeleteObjects: 0.387400 ms)

========================================================================
Received Prepare
Registering precompiled user dll's ...
Registered in 0.003434 seconds.
Begin MonoManager ReloadAssembly
Native extension for WindowsStandalone target not found
Native extension for WebGL target not found
Refreshing native plugins compatible for Editor in 0.49 ms, found 2 plugins.
Preloading 0 native plugins for Editor in 0.00 ms.
Invoked RoslynAnalysisRunner static constructor.
RoslynAnalysisRunner will not be running.
RoslynAnalysisRunner has terminated.
Mono: successfully reloaded assembly
- Completed reload, in  1.555 seconds
Platform modules already initialized, skipping
Refreshing native plugins compatible for Editor in 0.52 ms, found 2 plugins.
Preloading 0 native plugins for Editor in 0.00 ms.
Unloading 1389 Unused Serialized files (Serialized files now loaded: 0)
System memory in use before: 65.8 MB.
System memory in use after: 65.7 MB.

Unloading 14 unused Assets to reduce memory usage. Loaded Objects now: 1838.
Total: 3.287600 ms (FindLiveObjects: 0.373200 ms CreateObjectMapping: 0.084700 ms MarkObjects: 2.345300 ms  DeleteObjects: 0.482700 ms)

========================================================================
Received Import Request.
  Time since last request: 1314.081132 seconds.
  path: Assets/Packages/Pimax/LeapMotion/Modules/Hands/Hand Assets/Default Leap Hand.fbx
  artifactKey: Guid(559ae9534f56ab44d8ca6f83ae53cba5) Importer(815301076,1909f56bfc062723c751e8b465ee728b)
Start importing Assets/Packages/Pimax/LeapMotion/Modules/Hands/Hand Assets/Default Leap Hand.fbx using Guid(559ae9534f56ab44d8ca6f83ae53cba5) Importer(815301076,1909f56bfc062723c751e8b465ee728b)  -> (artifact id: '91b2bc8205e34960b81725b9047f52fd') in 0.168550 seconds
  Import took 0.172923 seconds .

========================================================================
Received Import Request.
  Time since last request: 0.909132 seconds.
  path: Assets/Packages/Pimax/LeapMotion/Modules/Hands/Hand Assets/Generic Hand
  artifactKey: Guid(0c9a2317ef18b704d9646e79e4e7b6f2) Importer(815301076,1909f56bfc062723c751e8b465ee728b)
Start importing Assets/Packages/Pimax/LeapMotion/Modules/Hands/Hand Assets/Generic Hand using Guid(0c9a2317ef18b704d9646e79e4e7b6f2) Importer(815301076,1909f56bfc062723c751e8b465ee728b)  -> (artifact id: 'cad61b584eef403ec91bec0b8bdcad68') in 0.020079 seconds
  Import took 0.023969 seconds .

========================================================================
Received Import Request.
  Time since last request: 0.727276 seconds.
  path: Assets/Packages/Pimax/LeapMotion/Modules/Hands/Hand Assets/Generic Hand/Generic Hand.fbx
  artifactKey: Guid(4577231256ebec149ac8882d93c98cda) Importer(815301076,1909f56bfc062723c751e8b465ee728b)
Start importing Assets/Packages/Pimax/LeapMotion/Modules/Hands/Hand Assets/Generic Hand/Generic Hand.fbx using Guid(4577231256ebec149ac8882d93c98cda) Importer(815301076,1909f56bfc062723c751e8b465ee728b)  -> (artifact id: 'a32be61592ac307b8a9589a8e99a4bd1') in 0.328615 seconds
  Import took 0.334306 seconds .

========================================================================
Received Prepare
Registering precompiled user dll's ...
Registered in 0.003903 seconds.
Begin MonoManager ReloadAssembly
Native extension for WindowsStandalone target not found
Native extension for WebGL target not found
Refreshing native plugins compatible for Editor in 0.49 ms, found 2 plugins.
Preloading 0 native plugins for Editor in 0.00 ms.
Invoked RoslynAnalysisRunner static constructor.
RoslynAnalysisRunner will not be running.
RoslynAnalysisRunner has terminated.
Mono: successfully reloaded assembly
- Completed reload, in  1.711 seconds
Platform modules already initialized, skipping
Refreshing native plugins compatible for Editor in 0.64 ms, found 2 plugins.
Preloading 0 native plugins for Editor in 0.00 ms.
Unloading 1390 Unused Serialized files (Serialized files now loaded: 0)
System memory in use before: 80.7 MB.
System memory in use after: 80.5 MB.

Unloading 14 unused Assets to reduce memory usage. Loaded Objects now: 1852.
Total: 3.473500 ms (FindLiveObjects: 0.428700 ms CreateObjectMapping: 0.076700 ms MarkObjects: 2.565700 ms  DeleteObjects: 0.400600 ms)

========================================================================
Received Import Request.
  Time since last request: 134.772875 seconds.
  path: Assets/Packages/Pimax/LeapMotion/Modules/Hands/Hand Assets/Generic Hand/GenericHandTransparencyMap.png
  artifactKey: Guid(e911cba1eec0c364681095f165f68321) Importer(815301076,1909f56bfc062723c751e8b465ee728b)
Start importing Assets/Packages/Pimax/LeapMotion/Modules/Hands/Hand Assets/Generic Hand/GenericHandTransparencyMap.png using Guid(e911cba1eec0c364681095f165f68321) Importer(815301076,1909f56bfc062723c751e8b465ee728b)  -> (artifact id: '92ed8b3bb32b0484532932d3b14e3ecc') in 0.164729 seconds
  Import took 0.169022 seconds .

========================================================================
Received Import Request.
  Time since last request: 7.979590 seconds.
  path: Assets/Packages/Pimax/LeapMotion/Modules/Hands/Hand Assets/Generic Hand/GenericHandShader.shader
  artifactKey: Guid(c5b35a4c19d643f4f87637cdd8587b98) Importer(815301076,1909f56bfc062723c751e8b465ee728b)
Start importing Assets/Packages/Pimax/LeapMotion/Modules/Hands/Hand Assets/Generic Hand/GenericHandShader.shader using Guid(c5b35a4c19d643f4f87637cdd8587b98) Importer(815301076,1909f56bfc062723c751e8b465ee728b)  -> (artifact id: '32e5c54e755970c4be6995257df146bc') in 0.027353 seconds
  Import took 0.031997 seconds .

========================================================================
Received Import Request.
  Time since last request: 0.208644 seconds.
  path: Assets/Packages/Pimax/LeapMotion/Modules/Hands/Hand Assets/Generic Hand/GenericHandShader.shader
  artifactKey: Guid(c5b35a4c19d643f4f87637cdd8587b98) Importer(815301076,1909f56bfc062723c751e8b465ee728b)
Start importing Assets/Packages/Pimax/LeapMotion/Modules/Hands/Hand Assets/Generic Hand/GenericHandShader.shader using Guid(c5b35a4c19d643f4f87637cdd8587b98) Importer(815301076,1909f56bfc062723c751e8b465ee728b)  -> (artifact id: '32e5c54e755970c4be6995257df146bc') in 0.011366 seconds
  Import took 0.019797 seconds .

========================================================================
Received Prepare
Registering precompiled user dll's ...
Registered in 0.004713 seconds.
Begin MonoManager ReloadAssembly
Native extension for WindowsStandalone target not found
Native extension for WebGL target not found
Refreshing native plugins compatible for Editor in 0.53 ms, found 2 plugins.
Preloading 0 native plugins for Editor in 0.00 ms.
Invoked RoslynAnalysisRunner static constructor.
RoslynAnalysisRunner will not be running.
RoslynAnalysisRunner has terminated.
Mono: successfully reloaded assembly
- Completed reload, in  1.584 seconds
Platform modules already initialized, skipping
Refreshing native plugins compatible for Editor in 0.50 ms, found 2 plugins.
Preloading 0 native plugins for Editor in 0.00 ms.
Unloading 1465 Unused Serialized files (Serialized files now loaded: 0)
System memory in use before: 83.0 MB.
System memory in use after: 82.8 MB.

Unloading 14 unused Assets to reduce memory usage. Loaded Objects now: 1931.
Total: 3.568900 ms (FindLiveObjects: 0.579600 ms CreateObjectMapping: 0.170400 ms MarkObjects: 2.372500 ms  DeleteObjects: 0.443400 ms)

========================================================================
Received Prepare
Registering precompiled user dll's ...
Registered in 0.004602 seconds.
Begin MonoManager ReloadAssembly
Native extension for WindowsStandalone target not found
Native extension for WebGL target not found
Refreshing native plugins compatible for Editor in 0.91 ms, found 2 plugins.
Preloading 0 native plugins for Editor in 0.00 ms.
Invoked RoslynAnalysisRunner static constructor.
RoslynAnalysisRunner will not be running.
RoslynAnalysisRunner has terminated.
Mono: successfully reloaded assembly
- Completed reload, in  3.272 seconds
Platform modules already initialized, skipping
Refreshing native plugins compatible for Editor in 0.69 ms, found 2 plugins.
Preloading 0 native plugins for Editor in 0.00 ms.
Unloading 1465 Unused Serialized files (Serialized files now loaded: 0)
System memory in use before: 83.1 MB.
System memory in use after: 83.0 MB.

Unloading 14 unused Assets to reduce memory usage. Loaded Objects now: 1933.
Total: 4.313500 ms (FindLiveObjects: 0.790700 ms CreateObjectMapping: 0.174200 ms MarkObjects: 2.881100 ms  DeleteObjects: 0.465900 ms)

