Using pre-set license
Built from '2020.2/release' branch; Version is '2020.2.1f1 (270dd8c3da1c) revision 2559448'; Using compiler version '192528614'; Build Type 'Release'
OS: 'Windows 10  (10.0.0) 64bit' Language: 'en' Physical Memory: 24475 MB
BatchMode: 1, IsHumanControllingUs: 0, StartBugReporterOnCrash: 0, Is64bit: 1, IsPro: 0

 COMMAND LINE ARGUMENTS:
C:\Program Files\2020.2.1f1\Editor\Unity.exe
-adb2
-batchMode
-noUpm
-name
AssetImportWorker0
-projectPath
C:/Repos/official github/Cyclops-VR/CyclopsVR
-logFile
Logs/AssetImportWorker0.log
-srvPort
53415
Successfully changed project path to: C:/Repos/official github/Cyclops-VR/CyclopsVR
C:/Repos/official github/Cyclops-VR/CyclopsVR
Using Asset Import Pipeline V2.
Refreshing native plugins compatible for Editor in 61.30 ms, found 2 plugins.
Preloading 0 native plugins for Editor in 0.00 ms.
Initialize engine version: 2020.2.1f1 (270dd8c3da1c)
[Subsystems] Discovering subsystems at path C:/Program Files/2020.2.1f1/Editor/Data/Resources/UnitySubsystems
[Subsystems] Discovering subsystems at path C:/Repos/official github/Cyclops-VR/CyclopsVR/Assets
GfxDevice: creating device client; threaded=0
Direct3D:
    Version:  Direct3D 11.0 [level 11.1]
    Renderer: NVIDIA GeForce RTX 2060 (ID=0x1f08)
    Vendor:   
    VRAM:     5980 MB
    Driver:   27.21.14.5671
Initialize mono
Mono path[0] = 'C:/Program Files/2020.2.1f1/Editor/Data/Managed'
Mono path[1] = 'C:/Program Files/2020.2.1f1/Editor/Data/MonoBleedingEdge/lib/mono/unityjit'
Mono config path = 'C:/Program Files/2020.2.1f1/Editor/Data/MonoBleedingEdge/etc'
Using monoOptions --debugger-agent=transport=dt_socket,embedding=1,server=y,suspend=n,address=127.0.0.1:56492
Begin MonoManager ReloadAssembly
Registering precompiled unity dll's ...
Register platform support module: C:/Program Files/2020.2.1f1/Editor/Data/PlaybackEngines/WebGLSupport/UnityEditor.WebGL.Extensions.dll
Register platform support module: C:/Program Files/2020.2.1f1/Editor/Data/PlaybackEngines/WindowsStandaloneSupport/UnityEditor.WindowsStandalone.Extensions.dll
Registered in 0.005258 seconds.
Native extension for WindowsStandalone target not found
Native extension for WebGL target not found
Refreshing native plugins compatible for Editor in 54.20 ms, found 2 plugins.
Preloading 0 native plugins for Editor in 0.00 ms.
Invoked RoslynAnalysisRunner static constructor.
RoslynAnalysisRunner will not be running.
RoslynAnalysisRunner has terminated.
Mono: successfully reloaded assembly
- Completed reload, in  2.282 seconds
Platform modules already initialized, skipping
Registering precompiled user dll's ...
Registered in 0.003641 seconds.
Begin MonoManager ReloadAssembly
Native extension for WindowsStandalone target not found
Native extension for WebGL target not found
Refreshing native plugins compatible for Editor in 0.54 ms, found 2 plugins.
Preloading 0 native plugins for Editor in 0.00 ms.
Invoked RoslynAnalysisRunner static constructor.
RoslynAnalysisRunner will not be running.
RoslynAnalysisRunner has terminated.
Mono: successfully reloaded assembly
- Completed reload, in  1.737 seconds
Platform modules already initialized, skipping
========================================================================
Worker process is ready to serve import requests
Launched and connected shader compiler UnityShaderCompiler.exe after 0.07 seconds
Refreshing native plugins compatible for Editor in 0.57 ms, found 2 plugins.
Preloading 0 native plugins for Editor in 0.00 ms.
Unloading 1474 Unused Serialized files (Serialized files now loaded: 0)
System memory in use before: 68.6 MB.
System memory in use after: 68.5 MB.

Unloading 19 unused Assets to reduce memory usage. Loaded Objects now: 1907.
Total: 3.288700 ms (FindLiveObjects: 0.388400 ms CreateObjectMapping: 0.088700 ms MarkObjects: 2.402300 ms  DeleteObjects: 0.407400 ms)

========================================================================
Received Import Request.
  path: Assets/Packages/Pimax/PVRUnity/src/DLLSearchPathFixer.cs
  artifactKey: Guid(730122cf47f18944a9ffc1046469ac1b) Importer(815301076,1909f56bfc062723c751e8b465ee728b)
Start importing Assets/Packages/Pimax/PVRUnity/src/DLLSearchPathFixer.cs using Guid(730122cf47f18944a9ffc1046469ac1b) Importer(815301076,1909f56bfc062723c751e8b465ee728b)  -> (artifact id: '612456055d699dcb2c3f9c6574a67fba') in 0.054348 seconds
  Import took 0.058148 seconds .

========================================================================
Received Prepare
Registering precompiled user dll's ...
Registered in 0.005958 seconds.
Begin MonoManager ReloadAssembly
Native extension for WindowsStandalone target not found
Native extension for WebGL target not found
Refreshing native plugins compatible for Editor in 0.91 ms, found 2 plugins.
Preloading 0 native plugins for Editor in 0.00 ms.
Invoked RoslynAnalysisRunner static constructor.
RoslynAnalysisRunner will not be running.
RoslynAnalysisRunner has terminated.
Mono: successfully reloaded assembly
- Completed reload, in  2.965 seconds
Platform modules already initialized, skipping
Refreshing native plugins compatible for Editor in 0.84 ms, found 2 plugins.
Preloading 0 native plugins for Editor in 0.00 ms.
Unloading 1468 Unused Serialized files (Serialized files now loaded: 0)
System memory in use before: 68.5 MB.
System memory in use after: 68.4 MB.

Unloading 14 unused Assets to reduce memory usage. Loaded Objects now: 1909.
Total: 16.105100 ms (FindLiveObjects: 0.869600 ms CreateObjectMapping: 0.410700 ms MarkObjects: 14.302900 ms  DeleteObjects: 0.519600 ms)

========================================================================
Received Prepare
Refreshing native plugins compatible for Editor in 5.85 ms, found 2 plugins.
Preloading 0 native plugins for Editor in 0.00 ms.
Unloading 12 Unused Serialized files (Serialized files now loaded: 0)
System memory in use before: 39.9 MB.
System memory in use after: 39.8 MB.

Unloading 12 unused Assets to reduce memory usage. Loaded Objects now: 1909.
Total: 8.325800 ms (FindLiveObjects: 1.563200 ms CreateObjectMapping: 0.161400 ms MarkObjects: 5.669200 ms  DeleteObjects: 0.929300 ms)

========================================================================
Received Prepare
Refreshing native plugins compatible for Editor in 4.11 ms, found 2 plugins.
Preloading 0 native plugins for Editor in 0.00 ms.
Unloading 12 Unused Serialized files (Serialized files now loaded: 0)
System memory in use before: 40.1 MB.
System memory in use after: 40.0 MB.

Unloading 12 unused Assets to reduce memory usage. Loaded Objects now: 1909.
Total: 3.698300 ms (FindLiveObjects: 0.402800 ms CreateObjectMapping: 0.085200 ms MarkObjects: 2.788100 ms  DeleteObjects: 0.420100 ms)

AssetImportWorkerClient::OnTransportError - code=2 error=End of file
